WINFHE INFO     25.10.2017 13:57:20: Lance l'exécution du fichier de commande "command - Copy.xml"
WINFHE INFO     25.10.2017 13:57:20: Fichier de commande: mise à jour de la ressource 12Ebi9
WINFHE INFO     25.10.2017 13:57:21: Fichier de commande: mise à jour de la ressource 12Ebi10
WINFHE INFO     25.10.2017 13:57:21: Exécution du fichier de commande terminée sans erreur
WINFHE INFO     25.10.2017 14:06:23: Lance l'exécution du fichier de commande "command.xml"
WINFHE INFO     25.10.2017 14:06:23: Fichier de commande: mise à jour de la ressource 12Ebi9
WINFHE INFO     25.10.2017 14:06:23: Fichier de commande: mise à jour de la ressource 12Ebi10
WINFHE INFO     25.10.2017 14:06:23: Fichier de commande: mise à jour de la ressource 12Ebi11
WINFHE INFO     25.10.2017 14:06:23: Fichier de commande: mise à jour de la ressource 12Ebi12
WINFHE INFO     25.10.2017 14:06:23: Fichier de commande: mise à jour de la ressource 12Ebi13
WINFHE INFO     25.10.2017 14:06:23: Fichier de commande: mise à jour de la ressource 12Ebi14
WINFHE INFO     25.10.2017 14:06:24: Fichier de commande: mise à jour de la ressource 12Ebi15
WINFHE INFO     25.10.2017 14:06:24: Fichier de commande: mise à jour de la ressource 12Ebi16
WINFHE INFO     25.10.2017 14:06:24: Fichier de commande: mise à jour de la ressource 12Ebi17
WINFHE INFO     25.10.2017 14:06:24: Fichier de commande: mise à jour de la ressource 12Ebi18
WINFHE INFO     25.10.2017 14:06:24: Fichier de commande: mise à jour de la ressource 12Ebi19
WINFHE INFO     25.10.2017 14:06:25: Fichier de commande: mise à jour de la ressource 12Ebi20
WINFHE INFO     25.10.2017 14:06:25: Fichier de commande: mise à jour de la ressource 12Ebi21
WINFHE INFO     25.10.2017 14:06:25: Fichier de commande: mise à jour de la ressource 12Ebi22
WINFHE INFO     25.10.2017 14:06:25: Fichier de commande: mise à jour de la ressource 12Ebi23
WINFHE INFO     25.10.2017 14:06:25: Fichier de commande: mise à jour de la ressource 12Ebi24
WINFHE INFO     25.10.2017 14:06:25: Fichier de commande: mise à jour de la ressource 12Ebi25
WINFHE INFO     25.10.2017 14:06:26: Fichier de commande: mise à jour de la ressource 12Ebi26
WINFHE INFO     25.10.2017 14:06:26: Fichier de commande: mise à jour de la ressource 12Ebi27
WINFHE INFO     25.10.2017 14:06:26: Fichier de commande: mise à jour de la ressource 12Ebi28
WINFHE INFO     25.10.2017 14:06:26: Fichier de commande: mise à jour de la ressource 12Ebi29
WINFHE INFO     25.10.2017 14:06:26: Fichier de commande: mise à jour de la ressource 12Ebi30
WINFHE INFO     25.10.2017 14:06:27: Fichier de commande: mise à jour de la ressource 12Ebi31
WINFHE INFO     25.10.2017 14:06:27: Fichier de commande: mise à jour de la ressource 12Ebi32
WINFHE INFO     25.10.2017 14:06:27: Fichier de commande: mise à jour de la ressource 12Ebi33
WINFHE INFO     25.10.2017 14:06:27: Fichier de commande: mise à jour de la ressource 12Ebi34
WINFHE INFO     25.10.2017 14:06:27: Fichier de commande: mise à jour de la ressource 12Ebi35
WINFHE INFO     25.10.2017 14:06:27: Fichier de commande: mise à jour de la ressource 12Ebi36
WINFHE INFO     25.10.2017 14:06:28: Fichier de commande: mise à jour de la ressource 12Ebi37
WINFHE INFO     25.10.2017 14:06:28: Fichier de commande: mise à jour de la ressource 12Ebi38
WINFHE INFO     25.10.2017 14:06:28: Fichier de commande: mise à jour de la ressource 12Ebi39
WINFHE INFO     25.10.2017 14:06:28: Fichier de commande: mise à jour de la ressource 12Ebi41
WINFHE INFO     25.10.2017 14:06:29: Fichier de commande: mise à jour de la ressource 12Ebi42
WINFHE INFO     25.10.2017 14:06:29: Fichier de commande: mise à jour de la ressource 12Ebi43
WINFHE INFO     25.10.2017 14:06:29: Fichier de commande: mise à jour de la ressource 12Ebi44
WINFHE INFO     25.10.2017 14:06:29: Fichier de commande: mise à jour de la ressource 12Ebi45
WINFHE INFO     25.10.2017 14:06:30: Fichier de commande: mise à jour de la ressource 12Ebi46
WINFHE INFO     25.10.2017 14:06:30: Fichier de commande: mise à jour de la ressource 12Ebi47
WINFHE INFO     25.10.2017 14:06:30: Fichier de commande: mise à jour de la ressource 12Ebi48
WINFHE INFO     25.10.2017 14:06:30: Fichier de commande: mise à jour de la ressource 12Ebi49
WINFHE INFO     25.10.2017 14:06:30: Fichier de commande: mise à jour de la ressource 12Ebi50
WINFHE INFO     25.10.2017 14:06:30: Fichier de commande: mise à jour de la ressource 12Ebi51
WINFHE INFO     25.10.2017 14:06:31: Fichier de commande: mise à jour de la ressource 12Ebi52
WINFHE INFO     25.10.2017 14:06:31: Fichier de commande: mise à jour de la ressource 12Ebi53
WINFHE INFO     25.10.2017 14:06:31: Fichier de commande: mise à jour de la ressource 12Ebi54
WINFHE INFO     25.10.2017 14:06:31: Fichier de commande: mise à jour de la ressource 12Ebi55
WINFHE INFO     25.10.2017 14:06:31: Fichier de commande: mise à jour de la ressource 12Ebi56
WINFHE INFO     25.10.2017 14:06:32: Fichier de commande: mise à jour de la ressource 12Ebi57
WINFHE INFO     25.10.2017 14:06:32: Fichier de commande: mise à jour de la ressource 12Ebi58
WINFHE INFO     25.10.2017 14:06:32: Fichier de commande: mise à jour de la ressource 12Ebi59
WINFHE INFO     25.10.2017 14:06:32: Fichier de commande: mise à jour de la ressource 12Ebi60
WINFHE INFO     25.10.2017 14:06:32: Fichier de commande: mise à jour de la ressource 12Ebi61
WINFHE INFO     25.10.2017 14:06:32: Fichier de commande: mise à jour de la ressource 12Ebi62
WINFHE INFO     25.10.2017 14:06:33: Fichier de commande: mise à jour de la ressource 12Ebi63
WINFHE INFO     25.10.2017 14:06:33: Fichier de commande: mise à jour de la ressource 12Ebi64
WINFHE INFO     25.10.2017 14:06:33: Fichier de commande: mise à jour de la ressource 12Ebi65
WINFHE INFO     25.10.2017 14:06:33: Fichier de commande: mise à jour de la ressource 12Ebi66
WINFHE INFO     25.10.2017 14:06:33: Fichier de commande: mise à jour de la ressource 12Ebi67
WINFHE INFO     25.10.2017 14:06:34: Fichier de commande: mise à jour de la ressource 12Ebi68
WINFHE INFO     25.10.2017 14:06:34: Fichier de commande: mise à jour de la ressource 12Ebi69
WINFHE INFO     25.10.2017 14:06:34: Fichier de commande: mise à jour de la ressource 12Ebi70
WINFHE INFO     25.10.2017 14:06:34: Fichier de commande: mise à jour de la ressource 12Ebi71
WINFHE INFO     25.10.2017 14:06:34: Fichier de commande: mise à jour de la ressource 12Ebi72
WINFHE INFO     25.10.2017 14:06:35: Fichier de commande: mise à jour de la ressource 12Ebi73
WINFHE INFO     25.10.2017 14:06:35: Fichier de commande: mise à jour de la ressource 12Ebi74
WINFHE INFO     25.10.2017 14:06:35: Fichier de commande: mise à jour de la ressource 12Ebi75
WINFHE INFO     25.10.2017 14:06:35: Fichier de commande: mise à jour de la ressource 12Ebi76
WINFHE INFO     25.10.2017 14:06:35: Fichier de commande: mise à jour de la ressource 12Ebi77
WINFHE INFO     25.10.2017 14:06:36: Fichier de commande: mise à jour de la ressource 12Ebi78
WINFHE INFO     25.10.2017 14:06:36: Fichier de commande: mise à jour de la ressource 12Ebi99
WINFHE INFO     25.10.2017 14:06:36: Fichier de commande: mise à jour de la ressource 12Ebi100
WINFHE INFO     25.10.2017 14:06:36: Fichier de commande: mise à jour de la ressource 12Ebi101
WINFHE INFO     25.10.2017 14:06:36: Fichier de commande: mise à jour de la ressource 12Ebi102
WINFHE INFO     25.10.2017 14:06:36: Fichier de commande: mise à jour de la ressource 12Ebi103
WINFHE INFO     25.10.2017 14:06:37: Fichier de commande: mise à jour de la ressource 12Ebi104
WINFHE INFO     25.10.2017 14:06:37: Fichier de commande: mise à jour de la ressource 12Ebi105
WINFHE INFO     25.10.2017 14:06:37: Fichier de commande: mise à jour de la ressource 12Ebi107
WINFHE INFO     25.10.2017 14:06:37: Fichier de commande: mise à jour de la ressource 12Ebi108
WINFHE INFO     25.10.2017 14:06:37: Fichier de commande: mise à jour de la ressource 12Ebi109
WINFHE INFO     25.10.2017 14:06:37: Fichier de commande: mise à jour de la ressource 12Ebi110
WINFHE INFO     25.10.2017 14:06:38: Fichier de commande: mise à jour de la ressource 12Ebi111
WINFHE INFO     25.10.2017 14:06:38: Fichier de commande: mise à jour de la ressource 12Ebi112
WINFHE INFO     25.10.2017 14:06:38: Fichier de commande: mise à jour de la ressource 12Ebi113
WINFHE INFO     25.10.2017 14:06:38: Fichier de commande: mise à jour de la ressource 12Ebi114
WINFHE INFO     25.10.2017 14:06:38: Fichier de commande: mise à jour de la ressource 12Ebi115
WINFHE INFO     25.10.2017 14:06:39: Fichier de commande: mise à jour de la ressource 12Ebi116
WINFHE INFO     25.10.2017 14:06:39: Fichier de commande: mise à jour de la ressource 12Ebi117
WINFHE INFO     25.10.2017 14:06:39: Fichier de commande: mise à jour de la ressource 12Ebi118
WINFHE INFO     25.10.2017 14:06:39: Fichier de commande: mise à jour de la ressource 12Ebi119
WINFHE INFO     25.10.2017 14:06:39: Fichier de commande: mise à jour de la ressource 12Ebi120
WINFHE INFO     25.10.2017 14:06:39: Fichier de commande: mise à jour de la ressource 12Ebi121
WINFHE INFO     25.10.2017 14:06:40: Fichier de commande: mise à jour de la ressource 12Ebi122
WINFHE INFO     25.10.2017 14:06:40: Fichier de commande: mise à jour de la ressource 12Ebi123
WINFHE INFO     25.10.2017 14:06:40: Fichier de commande: mise à jour de la ressource 12Ebi124
WINFHE INFO     25.10.2017 14:06:40: Fichier de commande: mise à jour de la ressource 12Ebi125
WINFHE INFO     25.10.2017 14:06:40: Fichier de commande: mise à jour de la ressource 12Ebi127
WINFHE INFO     25.10.2017 14:06:40: Fichier de commande: mise à jour de la ressource 12Ebi128
WINFHE INFO     25.10.2017 14:06:41: Fichier de commande: mise à jour de la ressource 12Ebi129
WINFHE INFO     25.10.2017 14:06:41: Fichier de commande: mise à jour de la ressource 12Ebi132
WINFHE INFO     25.10.2017 14:06:41: Fichier de commande: mise à jour de la ressource 12Ebi133
WINFHE INFO     25.10.2017 14:06:41: Fichier de commande: mise à jour de la ressource 12Ebi135
WINFHE INFO     25.10.2017 14:06:42: Fichier de commande: mise à jour de la ressource 12Ebi136
WINFHE INFO     25.10.2017 14:06:42: Fichier de commande: mise à jour de la ressource 12Ebi137
WINFHE INFO     25.10.2017 14:06:42: Fichier de commande: mise à jour de la ressource 12Ebi159
WINFHE INFO     25.10.2017 14:06:42: Fichier de commande: mise à jour de la ressource 12Ebi160
WINFHE INFO     25.10.2017 14:06:42: Fichier de commande: mise à jour de la ressource 12Ebi161
WINFHE INFO     25.10.2017 14:06:42: Fichier de commande: mise à jour de la ressource 12Ebi162
WINFHE INFO     25.10.2017 14:06:43: Fichier de commande: mise à jour de la ressource 12Ebi163
WINFHE INFO     25.10.2017 14:06:43: Fichier de commande: mise à jour de la ressource 12Ebi164
WINFHE INFO     25.10.2017 14:06:43: Fichier de commande: mise à jour de la ressource 12Ebi165
WINFHE INFO     25.10.2017 14:06:43: Fichier de commande: mise à jour de la ressource 12Ebi166
WINFHE INFO     25.10.2017 14:06:43: Fichier de commande: mise à jour de la ressource 12Ebi167
WINFHE INFO     25.10.2017 14:06:44: Fichier de commande: mise à jour de la ressource 12Ebi168
WINFHE INFO     25.10.2017 14:06:44: Fichier de commande: mise à jour de la ressource 12Ebi169
WINFHE INFO     25.10.2017 14:06:44: Fichier de commande: mise à jour de la ressource 12Ebi170
WINFHE INFO     25.10.2017 14:06:44: Fichier de commande: mise à jour de la ressource 12Ebi171
WINFHE INFO     25.10.2017 14:06:44: Fichier de commande: mise à jour de la ressource 12Ebi172
WINFHE INFO     25.10.2017 14:06:44: Fichier de commande: mise à jour de la ressource 12Ebi173
WINFHE INFO     25.10.2017 14:06:45: Fichier de commande: mise à jour de la ressource 12Ebi174
WINFHE INFO     25.10.2017 14:06:45: Fichier de commande: mise à jour de la ressource 12Ebi175
WINFHE INFO     25.10.2017 14:06:45: Fichier de commande: mise à jour de la ressource 12Ebi176
WINFHE INFO     25.10.2017 14:06:45: Fichier de commande: mise à jour de la ressource 12Ebi177
WINFHE INFO     25.10.2017 14:06:45: Fichier de commande: mise à jour de la ressource 12Ebi178
WINFHE INFO     25.10.2017 14:06:45: Fichier de commande: mise à jour de la ressource 12Ebi301
WINFHE INFO     25.10.2017 14:06:46: Fichier de commande: mise à jour de la ressource 12Ebi302
WINFHE INFO     25.10.2017 14:06:46: Fichier de commande: mise à jour de la ressource 12Ebi303
WINFHE INFO     25.10.2017 14:06:46: Fichier de commande: mise à jour de la ressource 12Ebi304
WINFHE INFO     25.10.2017 14:06:46: Fichier de commande: mise à jour de la ressource 12Ebi305
WINFHE INFO     25.10.2017 14:06:46: Fichier de commande: mise à jour de la ressource 12Ebi306
WINFHE INFO     25.10.2017 14:06:46: Fichier de commande: mise à jour de la ressource 12Ebi307
WINFHE INFO     25.10.2017 14:06:47: Fichier de commande: mise à jour de la ressource 12Ebi308
WINFHE INFO     25.10.2017 14:06:47: Fichier de commande: mise à jour de la ressource 12Ebi309
WINFHE INFO     25.10.2017 14:06:47: Fichier de commande: mise à jour de la ressource 12Ebi310
WINFHE INFO     25.10.2017 14:06:47: Fichier de commande: mise à jour de la ressource 12Ebi311
WINFHE INFO     25.10.2017 14:06:47: Fichier de commande: mise à jour de la ressource 12Ebi312
WINFHE INFO     25.10.2017 14:06:48: Fichier de commande: mise à jour de la ressource 12Ebi313
WINFHE INFO     25.10.2017 14:06:48: Fichier de commande: mise à jour de la ressource 12Ebi314
WINFHE INFO     25.10.2017 14:06:48: Fichier de commande: mise à jour de la ressource 12Ebi315
WINFHE INFO     25.10.2017 14:06:48: Fichier de commande: mise à jour de la ressource 12Ebi316
WINFHE INFO     25.10.2017 14:06:48: Fichier de commande: mise à jour de la ressource 12Ebi317
WINFHE INFO     25.10.2017 14:06:49: Fichier de commande: mise à jour de la ressource 12Ebi318
WINFHE INFO     25.10.2017 14:06:49: Fichier de commande: mise à jour de la ressource 12Ebi319
WINFHE INFO     25.10.2017 14:06:49: Fichier de commande: mise à jour de la ressource 12Ebi320
WINFHE INFO     25.10.2017 14:06:49: Fichier de commande: mise à jour de la ressource 12Ebi451
WINFHE INFO     25.10.2017 14:06:49: Fichier de commande: mise à jour de la ressource 12Ebi452
WINFHE INFO     25.10.2017 14:06:49: Fichier de commande: mise à jour de la ressource 12Ebi453
WINFHE INFO     25.10.2017 14:06:50: Fichier de commande: mise à jour de la ressource 12Ebi454
WINFHE INFO     25.10.2017 14:06:50: Fichier de commande: mise à jour de la ressource 12Ebi455
WINFHE INFO     25.10.2017 14:06:50: Fichier de commande: mise à jour de la ressource 12Ebi456
WINFHE INFO     25.10.2017 14:06:50: Fichier de commande: mise à jour de la ressource 12Ebi457
WINFHE INFO     25.10.2017 14:06:50: Fichier de commande: mise à jour de la ressource 12Ebi458
WINFHE INFO     25.10.2017 14:06:50: Fichier de commande: mise à jour de la ressource 12Ebi459
WINFHE INFO     25.10.2017 14:06:51: Fichier de commande: mise à jour de la ressource 12Ebi460
WINFHE INFO     25.10.2017 14:06:51: Fichier de commande: mise à jour de la ressource 12Ebi461
WINFHE INFO     25.10.2017 14:06:51: Fichier de commande: mise à jour de la ressource 12Ebi462
WINFHE INFO     25.10.2017 14:06:51: Fichier de commande: mise à jour de la ressource 12Ebi463
WINFHE INFO     25.10.2017 14:06:51: Fichier de commande: mise à jour de la ressource 12Ebi464
WINFHE INFO     25.10.2017 14:06:52: Fichier de commande: mise à jour de la ressource 12Ebi465
WINFHE INFO     25.10.2017 14:06:52: Fichier de commande: mise à jour de la ressource 12Ebi466
WINFHE INFO     25.10.2017 14:06:52: Fichier de commande: mise à jour de la ressource 12Ebi467
WINFHE INFO     25.10.2017 14:06:52: Fichier de commande: mise à jour de la ressource 12Ebi468
WINFHE INFO     25.10.2017 14:06:52: Fichier de commande: mise à jour de la ressource 12Ebi469
WINFHE INFO     25.10.2017 14:06:52: Fichier de commande: mise à jour de la ressource 12Ebi470
WINFHE INFO     25.10.2017 14:06:52: Exécution du fichier de commande terminée sans erreur
WINFHE INFO     25.10.2017 14:11:32: Etat de la station #11 :CONNECT
WINFHE INFO     25.10.2017 14:11:32: Etat de la station #5 :CONNECT
WINFHE INFO     25.10.2017 14:11:32: Etat de la station #4 :CONNECT
WINFHE INFO     25.10.2017 14:11:33: Etat de la station #8 :CONNECT
WINFHE INFO     25.10.2017 14:11:33: Etat de la station #7 :CONNECT
WINFHE INFO     25.10.2017 14:11:33: Etat de la station #2 :CONNECT
WINFHE INFO     25.10.2017 14:11:33: Etat de la station #3 :CONNECT
WINFHE WARNING  25.10.2017 14:21:02: Etat de la station #1 :RETRYING
WINFHE WARNING  25.10.2017 14:21:02: Etat de la station #8 :RETRYING
WINFHE WARNING  25.10.2017 14:21:02: Etat de la station #6 :RETRYING
WINFHE WARNING  25.10.2017 14:21:02: Etat de la station #3 :RETRYING
WINFHE WARNING  25.10.2017 14:21:02: Etat de la station #4 :RETRYING
WINFHE WARNING  25.10.2017 14:21:02: Etat de la station #2 :RETRYING
WINFHE WARNING  25.10.2017 14:21:02: Etat de la station #10 :RETRYING
WINFHE WARNING  25.10.2017 14:21:02: Etat de la station #11 :RETRYING
WINFHE WARNING  25.10.2017 14:21:02: Etat de la station #12 :RETRYING
WINFHE INFO     25.10.2017 14:22:13: Etat de la station #1 :CONNECT
WINFHE INFO     25.10.2017 14:22:13: Etat de la station #5 :CONNECT
WINFHE INFO     25.10.2017 14:22:13: Etat de la station #8 :CONNECT
WINFHE INFO     25.10.2017 14:22:13: Etat de la station #9 :CONNECT
WINFHE INFO     25.10.2017 14:22:13: Etat de la station #6 :CONNECT
WINFHE INFO     25.10.2017 14:22:13: Etat de la station #3 :CONNECT
WINFHE INFO     25.10.2017 14:22:14: Etat de la station #4 :CONNECT
WINFHE INFO     25.10.2017 14:22:14: Etat de la station #2 :CONNECT
WINFHE INFO     25.10.2017 14:22:14: Etat de la station #11 :CONNECT
WINFHE INFO     25.10.2017 14:22:14: Etat de la station #10 :CONNECT
WINFHE INFO     25.10.2017 14:22:14: Etat de la station #12 :CONNECT
WINFHE WARNING  25.10.2017 14:30:06: Etat de la station #2 :RETRYING
WINFHE WARNING  25.10.2017 14:30:06: Etat de la station #6 :RETRYING
WINFHE WARNING  25.10.2017 14:30:06: Etat de la station #9 :RETRYING
WINFHE WARNING  25.10.2017 14:30:06: Etat de la station #3 :RETRYING
WINFHE WARNING  25.10.2017 14:30:06: Etat de la station #11 :RETRYING
WINFHE WARNING  25.10.2017 14:30:06: Etat de la station #5 :RETRYING
WINFHE WARNING  25.10.2017 14:30:06: Etat de la station #7 :RETRYING
WINFHE WARNING  25.10.2017 14:30:06: Etat de la station #4 :RETRYING
WINFHE WARNING  25.10.2017 14:30:06: Etat de la station #8 :RETRYING
WINFHE WARNING  25.10.2017 14:30:06: Etat de la station #1 :RETRYING
WINFHE WARNING  25.10.2017 14:30:06: Etat de la station #12 :RETRYING
WINFHE WARNING  25.10.2017 14:30:26: Etat de la station #12 :OFFLINE
WINFHE WARNING  25.10.2017 14:30:26: Etat de la station #10 :OFFLINE
WINFHE WARNING  25.10.2017 14:30:26: Etat de la station #9 :OFFLINE
WINFHE WARNING  25.10.2017 14:30:26: Etat de la station #8 :OFFLINE
WINFHE WARNING  25.10.2017 14:30:26: Etat de la station #7 :OFFLINE
WINFHE WARNING  25.10.2017 14:30:26: Etat de la station #6 :OFFLINE
WINFHE WARNING  25.10.2017 14:30:26: Etat de la station #5 :OFFLINE
WINFHE WARNING  25.10.2017 14:30:26: Etat de la station #4 :OFFLINE
WINFHE WARNING  25.10.2017 14:30:26: Etat de la station #3 :OFFLINE
WINFHE WARNING  25.10.2017 14:30:26: Etat de la station #2 :OFFLINE
WINFHE WARNING  25.10.2017 14:30:26: Etat de la station #1 :OFFLINE
WINFHE WARNING  25.10.2017 14:30:26: Etat de la station #1000 :OFFLINE
WINFHE WARNING  25.10.2017 14:30:26: Etat de connexion réseau CLOSE
WINFHE INFO     25.10.2017 14:30:29: Etat de connexion réseau OPEN
WINFHE INFO     25.10.2017 14:30:29: Etat de la station #12 :CONNECT
WINFHE INFO     25.10.2017 14:30:29: Etat de la station #11 :CONNECT
WINFHE INFO     25.10.2017 14:30:29: Etat de la station #10 :CONNECT
WINFHE INFO     25.10.2017 14:30:29: Etat de la station #9 :CONNECT
WINFHE INFO     25.10.2017 14:30:29: Etat de la station #8 :CONNECT
WINFHE INFO     25.10.2017 14:30:29: Etat de la station #7 :CONNECT
WINFHE INFO     25.10.2017 14:30:29: Etat de la station #6 :CONNECT
WINFHE INFO     25.10.2017 14:30:29: Etat de la station #5 :CONNECT
WINFHE INFO     25.10.2017 14:30:29: Etat de la station #4 :CONNECT
WINFHE INFO     25.10.2017 14:30:29: Etat de la station #3 :CONNECT
WINFHE INFO     25.10.2017 14:30:29: Etat de la station #2 :CONNECT
WINFHE INFO     25.10.2017 14:30:29: Etat de la station #1 :CONNECT
WINFHE WARNING  25.10.2017 14:48:50: Fermeture de l'installation 177 [Eugène Pittard 16]"
WINFHE WARNING  25.10.2017 14:48:50: Etat de la station #12 :OFFLINE
WINFHE WARNING  25.10.2017 14:48:50: Etat de la station #11 :OFFLINE
WINFHE WARNING  25.10.2017 14:48:50: Etat de la station #10 :OFFLINE
WINFHE WARNING  25.10.2017 14:48:50: Etat de la station #8 :OFFLINE
WINFHE WARNING  25.10.2017 14:48:50: Etat de la station #7 :OFFLINE
WINFHE WARNING  25.10.2017 14:48:50: Etat de la station #6 :OFFLINE
WINFHE WARNING  25.10.2017 14:48:50: Etat de la station #5 :OFFLINE
WINFHE WARNING  25.10.2017 14:48:50: Etat de la station #4 :OFFLINE
WINFHE WARNING  25.10.2017 14:48:50: Etat de la station #3 :OFFLINE
WINFHE WARNING  25.10.2017 14:48:50: Etat de la station #2 :OFFLINE
WINFHE WARNING  25.10.2017 14:48:50: Etat de la station #1 :OFFLINE
WINFHE WARNING  25.10.2017 14:48:50: Etat de la station #1000 :OFFLINE
WINFHE WARNING  25.10.2017 14:48:50: Etat de connexion réseau CLOSE
WINFHE INFO     25.10.2017 14:48:50: Terminaison de l'application Remote version 2.1.17.5"
